<?xml version="1.0" encoding="UTF-8"?>
<testng-results ignored="0" total="6" passed="6" failed="0" skipped="0">
  <reporter-output>
  </reporter-output>
  <suite started-at="2025-07-10T15:41:39 IST" name="Default suite" finished-at="2025-07-10T15:42:53 IST" duration-ms="73195">
    <groups>
      <group name="cucumber">
        <method signature="AbstractTestNGCucumberTests.runScenario(io.cucumber.testng.PickleWrapper,io.cucumber.testng.FeatureWrapper)[pri:0, instance:com.runner.TestRunnerTestNG@1a245833]" name="runScenario" class="io.cucumber.testng.AbstractTestNGCucumberTests"/>
      </group> <!-- cucumber -->
    </groups>
    <test started-at="2025-07-10T15:41:39 IST" name="Default test" finished-at="2025-07-10T15:42:53 IST" duration-ms="73195">
      <class name="com.runner.TestRunnerTestNG">
        <test-method is-config="true" signature="setUpClass(org.testng.ITestContext)[pri:0, instance:com.runner.TestRunnerTestNG@1a245833]" started-at="2025-07-10T15:41:39 IST" name="setUpClass" finished-at="2025-07-10T15:41:40 IST" duration-ms="324" status="PASS">
          <params>
            <param index="0">
              <value>
                <![CDATA[org.testng.TestRunner@312a738d]]>
              </value>
            </param>
          </params>
          <reporter-output>
          </reporter-output>
        </test-method> <!-- setUpClass -->
        <test-method signature="runScenario(io.cucumber.testng.PickleWrapper,io.cucumber.testng.FeatureWrapper)[pri:0, instance:com.runner.TestRunnerTestNG@1a245833]" started-at="2025-07-10T15:41:40 IST" name="runScenario" description="Runs Cucumber Scenarios" data-provider="scenarios" finished-at="2025-07-10T15:41:51 IST" duration-ms="11110" status="PASS">
          <params>
            <param index="0">
              <value>
                <![CDATA["Verify Ready To Move listing page is accessible"]]>
              </value>
            </param>
            <param index="1">
              <value>
                <![CDATA["MagicBricks Buy Module Testing"]]>
              </value>
            </param>
          </params>
          <reporter-output>
          </reporter-output>
        </test-method> <!-- runScenario -->
        <test-method signature="runScenario(io.cucumber.testng.PickleWrapper,io.cucumber.testng.FeatureWrapper)[pri:0, instance:com.runner.TestRunnerTestNG@1a245833]" started-at="2025-07-10T15:41:51 IST" name="runScenario" description="Runs Cucumber Scenarios" data-provider="scenarios" finished-at="2025-07-10T15:42:09 IST" duration-ms="17879" status="PASS">
          <params>
            <param index="0">
              <value>
                <![CDATA["Apply budget filter and sort option on Ready To Move page"]]>
              </value>
            </param>
            <param index="1">
              <value>
                <![CDATA["MagicBricks Buy Module Testing"]]>
              </value>
            </param>
          </params>
          <reporter-output>
          </reporter-output>
        </test-method> <!-- runScenario -->
        <test-method signature="runScenario(io.cucumber.testng.PickleWrapper,io.cucumber.testng.FeatureWrapper)[pri:0, instance:com.runner.TestRunnerTestNG@1a245833]" started-at="2025-07-10T15:42:09 IST" name="runScenario" description="Runs Cucumber Scenarios" data-provider="scenarios" finished-at="2025-07-10T15:42:20 IST" duration-ms="11341" status="PASS">
          <params>
            <param index="0">
              <value>
                <![CDATA["Submit Investment Hotspot form with valid details"]]>
              </value>
            </param>
            <param index="1">
              <value>
                <![CDATA["MagicBricks Buy Module Testing"]]>
              </value>
            </param>
          </params>
          <reporter-output>
          </reporter-output>
        </test-method> <!-- runScenario -->
        <test-method signature="runScenario(io.cucumber.testng.PickleWrapper,io.cucumber.testng.FeatureWrapper)[pri:0, instance:com.runner.TestRunnerTestNG@1a245833]" started-at="2025-07-10T15:42:20 IST" name="runScenario" description="Runs Cucumber Scenarios" data-provider="scenarios" finished-at="2025-07-10T15:42:29 IST" duration-ms="9287" status="PASS">
          <params>
            <param index="0">
              <value>
                <![CDATA["Submit Investment Hotspot form with invalid details"]]>
              </value>
            </param>
            <param index="1">
              <value>
                <![CDATA["MagicBricks Buy Module Testing"]]>
              </value>
            </param>
          </params>
          <reporter-output>
          </reporter-output>
        </test-method> <!-- runScenario -->
        <test-method signature="runScenario(io.cucumber.testng.PickleWrapper,io.cucumber.testng.FeatureWrapper)[pri:0, instance:com.runner.TestRunnerTestNG@1a245833]" started-at="2025-07-10T15:42:29 IST" name="runScenario" description="Runs Cucumber Scenarios" data-provider="scenarios" finished-at="2025-07-10T15:42:40 IST" duration-ms="10308" status="PASS">
          <params>
            <param index="0">
              <value>
                <![CDATA["Select tax slab and city in Buy vs Rent and scroll to graph"]]>
              </value>
            </param>
            <param index="1">
              <value>
                <![CDATA["MagicBricks Buy Module Testing"]]>
              </value>
            </param>
          </params>
          <reporter-output>
          </reporter-output>
        </test-method> <!-- runScenario -->
        <test-method signature="runScenario(io.cucumber.testng.PickleWrapper,io.cucumber.testng.FeatureWrapper)[pri:0, instance:com.runner.TestRunnerTestNG@1a245833]" started-at="2025-07-10T15:42:40 IST" name="runScenario" description="Runs Cucumber Scenarios" data-provider="scenarios" finished-at="2025-07-10T15:42:53 IST" duration-ms="12875" status="PASS">
          <params>
            <param index="0">
              <value>
                <![CDATA["User navigates to Tips and Guides, searches for a locality, and views results"]]>
              </value>
            </param>
            <param index="1">
              <value>
                <![CDATA["MagicBricks Buy Module Testing"]]>
              </value>
            </param>
          </params>
          <reporter-output>
          </reporter-output>
        </test-method> <!-- runScenario -->
        <test-method is-config="true" signature="tearDownClass()[pri:0, instance:com.runner.TestRunnerTestNG@1a245833]" started-at="2025-07-10T15:42:53 IST" name="tearDownClass" finished-at="2025-07-10T15:42:53 IST" duration-ms="9" status="PASS">
          <reporter-output>
          </reporter-output>
        </test-method> <!-- tearDownClass -->
      </class> <!-- com.runner.TestRunnerTestNG -->
    </test> <!-- Default test -->
  </suite> <!-- Default suite -->
</testng-results>
