<?xml version="1.0" encoding="UTF-8"?>
<!-- Generated by org.testng.reporters.JUnitXMLReporter -->
<testsuite ignored="0" hostname="LIN-5CG0215GFT" failures="1" tests="1" name="Default test" time="7.623" errors="0" timestamp="2025-07-04T11:59:23 IST">
  <testcase classname="io.cucumber.testng.AbstractTestNGCucumberTests" name="runScenario" time="5.793">
    <failure type="io.cucumber.testng.UndefinedStepException" message="The step &amp;apos;user verifies that the Find Pincode link is visible on the MB Advice section&amp;apos; is undefined.
You can implement this step using the snippet(s) below:

@When(&amp;quot;user verifies that the Find Pincode link is visible on the MB Advice section&amp;quot;)
public void user_verifies_that_the_find_pincode_link_is_visible_on_the_mb_advice_section() {
    // Write code here that turns the phrase above into concrete actions
    throw new io.cucumber.java.PendingException();
}
">
      <![CDATA[io.cucumber.testng.UndefinedStepException: The step 'user verifies that the Find Pincode link is visible on the MB Advice section' is undefined.
You can implement this step using the snippet(s) below:

@When("user verifies that the Find Pincode link is visible on the MB Advice section")
public void user_verifies_that_the_find_pincode_link_is_visible_on_the_mb_advice_section() {
    // Write code here that turns the phrase above into concrete actions
    throw new io.cucumber.java.PendingException();
}

at ✽.user verifies that the Find Pincode link is visible on the MB Advice section(file:///C:/Users/TRTHORAT/OneDrive%20-%20Capgemini/Desktop/Sprint/MagicBricsMbAdviceTesting/src/test/resource/Features/MbAdviceScenario.feature:5)
]]>
    </failure>
  </testcase> <!-- runScenario -->
</testsuite> <!-- Default test -->
