<?xml version="1.0" encoding="UTF-8"?>
<testng-results ignored="0" total="7" passed="7" failed="0" skipped="0">
  <reporter-output>
  </reporter-output>
  <suite started-at="2025-07-09T15:02:05 IST" name="Default suite" finished-at="2025-07-09T15:04:33 IST" duration-ms="148319">
    <groups>
      <group name="cucumber">
        <method signature="AbstractTestNGCucumberTests.runScenario(io.cucumber.testng.PickleWrapper,io.cucumber.testng.FeatureWrapper)[pri:0, instance:com.runner.TestRunnerWithTestNG@5c80cf32]" name="runScenario" class="io.cucumber.testng.AbstractTestNGCucumberTests"/>
      </group> <!-- cucumber -->
    </groups>
    <test started-at="2025-07-09T15:02:05 IST" name="Default test" finished-at="2025-07-09T15:04:33 IST" duration-ms="148319">
      <class name="com.runner.TestRunnerWithTestNG">
        <test-method is-config="true" signature="setUpClass(org.testng.ITestContext)[pri:0, instance:com.runner.TestRunnerWithTestNG@5c80cf32]" started-at="2025-07-09T15:02:05 IST" name="setUpClass" finished-at="2025-07-09T15:02:06 IST" duration-ms="1493" status="PASS">
          <params>
            <param index="0">
              <value>
                <![CDATA[org.testng.TestRunner@f4d391c]]>
              </value>
            </param>
          </params>
          <reporter-output>
          </reporter-output>
        </test-method> <!-- setUpClass -->
        <test-method signature="runScenario(io.cucumber.testng.PickleWrapper,io.cucumber.testng.FeatureWrapper)[pri:0, instance:com.runner.TestRunnerWithTestNG@5c80cf32]" started-at="2025-07-09T15:02:06 IST" name="runScenario" description="Runs Cucumber Scenarios" data-provider="scenarios" finished-at="2025-07-09T15:02:29 IST" duration-ms="22456" status="PASS">
          <params>
            <param index="0">
              <value>
                <![CDATA["Open Rent Owner Properties Click Photo and Scroll"]]>
              </value>
            </param>
            <param index="1">
              <value>
                <![CDATA["MagicBricks Rent Section Functionalities"]]>
              </value>
            </param>
          </params>
          <reporter-output>
          </reporter-output>
        </test-method> <!-- runScenario -->
        <test-method signature="runScenario(io.cucumber.testng.PickleWrapper,io.cucumber.testng.FeatureWrapper)[pri:0, instance:com.runner.TestRunnerWithTestNG@5c80cf32]" started-at="2025-07-09T15:02:29 IST" name="runScenario" description="Runs Cucumber Scenarios" data-provider="scenarios" finished-at="2025-07-09T15:02:50 IST" duration-ms="21512" status="PASS">
          <params>
            <param index="0">
              <value>
                <![CDATA["Contact Owner from Rent in that Owner Properties with valid data"]]>
              </value>
            </param>
            <param index="1">
              <value>
                <![CDATA["MagicBricks Rent Section Functionalities"]]>
              </value>
            </param>
          </params>
          <reporter-output>
          </reporter-output>
        </test-method> <!-- runScenario -->
        <test-method signature="runScenario(io.cucumber.testng.PickleWrapper,io.cucumber.testng.FeatureWrapper)[pri:0, instance:com.runner.TestRunnerWithTestNG@5c80cf32]" started-at="2025-07-09T15:02:50 IST" name="runScenario" description="Runs Cucumber Scenarios" data-provider="scenarios" finished-at="2025-07-09T15:03:11 IST" duration-ms="21075" status="PASS">
          <params>
            <param index="0">
              <value>
                <![CDATA["Contact Owner from Rent using sheet name and row"]]>
              </value>
            </param>
            <param index="1">
              <value>
                <![CDATA["MagicBricks Rent Section Functionalities"]]>
              </value>
            </param>
          </params>
          <reporter-output>
          </reporter-output>
        </test-method> <!-- runScenario -->
        <test-method signature="runScenario(io.cucumber.testng.PickleWrapper,io.cucumber.testng.FeatureWrapper)[pri:0, instance:com.runner.TestRunnerWithTestNG@5c80cf32]" started-at="2025-07-09T15:03:11 IST" name="runScenario" description="Runs Cucumber Scenarios" data-provider="scenarios" finished-at="2025-07-09T15:03:31 IST" duration-ms="19792" status="PASS">
          <params>
            <param index="0">
              <value>
                <![CDATA["Contact Owner form with data from Excel"]]>
              </value>
            </param>
            <param index="1">
              <value>
                <![CDATA["MagicBricks Rent Section Functionalities"]]>
              </value>
            </param>
          </params>
          <reporter-output>
          </reporter-output>
        </test-method> <!-- runScenario -->
        <test-method signature="runScenario(io.cucumber.testng.PickleWrapper,io.cucumber.testng.FeatureWrapper)[pri:0, instance:com.runner.TestRunnerWithTestNG@5c80cf32]" started-at="2025-07-09T15:03:31 IST" name="runScenario" description="Runs Cucumber Scenarios" data-provider="scenarios" finished-at="2025-07-09T15:03:52 IST" duration-ms="20793" status="PASS">
          <params>
            <param index="0">
              <value>
                <![CDATA["Contact Owner from Rent in Owner Properties with invalid WhatsApp number"]]>
              </value>
            </param>
            <param index="1">
              <value>
                <![CDATA["MagicBricks Rent Section Functionalities"]]>
              </value>
            </param>
          </params>
          <reporter-output>
          </reporter-output>
        </test-method> <!-- runScenario -->
        <test-method signature="runScenario(io.cucumber.testng.PickleWrapper,io.cucumber.testng.FeatureWrapper)[pri:0, instance:com.runner.TestRunnerWithTestNG@5c80cf32]" started-at="2025-07-09T15:03:52 IST" name="runScenario" description="Runs Cucumber Scenarios" data-provider="scenarios" finished-at="2025-07-09T15:04:11 IST" duration-ms="19137" status="PASS">
          <params>
            <param index="0">
              <value>
                <![CDATA["Sort Owner Properties by Price High to Low"]]>
              </value>
            </param>
            <param index="1">
              <value>
                <![CDATA["MagicBricks Rent Section Functionalities"]]>
              </value>
            </param>
          </params>
          <reporter-output>
          </reporter-output>
        </test-method> <!-- runScenario -->
        <test-method signature="runScenario(io.cucumber.testng.PickleWrapper,io.cucumber.testng.FeatureWrapper)[pri:0, instance:com.runner.TestRunnerWithTestNG@5c80cf32]" started-at="2025-07-09T15:04:11 IST" name="runScenario" description="Runs Cucumber Scenarios" data-provider="scenarios" finished-at="2025-07-09T15:04:32 IST" duration-ms="21150" status="PASS">
          <params>
            <param index="0">
              <value>
                <![CDATA["Furnished Homes BHK Selection and Window Handling"]]>
              </value>
            </param>
            <param index="1">
              <value>
                <![CDATA["MagicBricks Rent Section Functionalities"]]>
              </value>
            </param>
          </params>
          <reporter-output>
          </reporter-output>
        </test-method> <!-- runScenario -->
        <test-method is-config="true" signature="tearDownClass()[pri:0, instance:com.runner.TestRunnerWithTestNG@5c80cf32]" started-at="2025-07-09T15:04:32 IST" name="tearDownClass" finished-at="2025-07-09T15:04:33 IST" duration-ms="831" status="PASS">
          <reporter-output>
          </reporter-output>
        </test-method> <!-- tearDownClass -->
      </class> <!-- com.runner.TestRunnerWithTestNG -->
    </test> <!-- Default test -->
  </suite> <!-- Default suite -->
</testng-results>
