<?xml version="1.0" encoding="UTF-8"?>
<testng-results ignored="0" total="7" passed="7" failed="0" skipped="0">
  <reporter-output>
  </reporter-output>
  <suite started-at="2025-07-11T09:27:10 IST" name="Default suite" finished-at="2025-07-11T09:29:20 IST" duration-ms="129545">
    <groups>
      <group name="cucumber">
        <method signature="AbstractTestNGCucumberTests.runScenario(io.cucumber.testng.PickleWrapper,io.cucumber.testng.FeatureWrapper)[pri:0, instance:com.runner.TestRunnerWithTestNG@5c80cf32]" name="runScenario" class="io.cucumber.testng.AbstractTestNGCucumberTests"/>
      </group> <!-- cucumber -->
    </groups>
    <test started-at="2025-07-11T09:27:10 IST" name="Default test" finished-at="2025-07-11T09:29:20 IST" duration-ms="129545">
      <class name="com.runner.TestRunnerWithTestNG">
        <test-method is-config="true" signature="setUpClass(org.testng.ITestContext)[pri:0, instance:com.runner.TestRunnerWithTestNG@5c80cf32]" started-at="2025-07-11T09:27:10 IST" name="setUpClass" finished-at="2025-07-11T09:27:12 IST" duration-ms="1540" status="PASS">
          <params>
            <param index="0">
              <value>
                <![CDATA[org.testng.TestRunner@3f2ef402]]>
              </value>
            </param>
          </params>
          <reporter-output>
          </reporter-output>
        </test-method> <!-- setUpClass -->
        <test-method signature="runScenario(io.cucumber.testng.PickleWrapper,io.cucumber.testng.FeatureWrapper)[pri:0, instance:com.runner.TestRunnerWithTestNG@5c80cf32]" started-at="2025-07-11T09:27:12 IST" name="runScenario" description="Runs Cucumber Scenarios" data-provider="scenarios" finished-at="2025-07-11T09:27:33 IST" duration-ms="20664" status="PASS">
          <params>
            <param index="0">
              <value>
                <![CDATA["Open Rent Owner Properties Click Photo and Scroll"]]>
              </value>
            </param>
            <param index="1">
              <value>
                <![CDATA["MagicBricks Rent Section Functionalities"]]>
              </value>
            </param>
          </params>
          <reporter-output>
          </reporter-output>
        </test-method> <!-- runScenario -->
        <test-method signature="runScenario(io.cucumber.testng.PickleWrapper,io.cucumber.testng.FeatureWrapper)[pri:0, instance:com.runner.TestRunnerWithTestNG@5c80cf32]" started-at="2025-07-11T09:27:33 IST" name="runScenario" description="Runs Cucumber Scenarios" data-provider="scenarios" finished-at="2025-07-11T09:27:50 IST" duration-ms="17769" status="PASS">
          <params>
            <param index="0">
              <value>
                <![CDATA["Contact Owner from Rent in that Owner Properties with valid data"]]>
              </value>
            </param>
            <param index="1">
              <value>
                <![CDATA["MagicBricks Rent Section Functionalities"]]>
              </value>
            </param>
          </params>
          <reporter-output>
          </reporter-output>
        </test-method> <!-- runScenario -->
        <test-method signature="runScenario(io.cucumber.testng.PickleWrapper,io.cucumber.testng.FeatureWrapper)[pri:0, instance:com.runner.TestRunnerWithTestNG@5c80cf32]" started-at="2025-07-11T09:27:50 IST" name="runScenario" description="Runs Cucumber Scenarios" data-provider="scenarios" finished-at="2025-07-11T09:28:07 IST" duration-ms="16853" status="PASS">
          <params>
            <param index="0">
              <value>
                <![CDATA["Contact Owner from Rent using sheet name and row"]]>
              </value>
            </param>
            <param index="1">
              <value>
                <![CDATA["MagicBricks Rent Section Functionalities"]]>
              </value>
            </param>
          </params>
          <reporter-output>
          </reporter-output>
        </test-method> <!-- runScenario -->
        <test-method signature="runScenario(io.cucumber.testng.PickleWrapper,io.cucumber.testng.FeatureWrapper)[pri:0, instance:com.runner.TestRunnerWithTestNG@5c80cf32]" started-at="2025-07-11T09:28:07 IST" name="runScenario" description="Runs Cucumber Scenarios" data-provider="scenarios" finished-at="2025-07-11T09:28:24 IST" duration-ms="16622" status="PASS">
          <params>
            <param index="0">
              <value>
                <![CDATA["Contact Owner form with data from Excel"]]>
              </value>
            </param>
            <param index="1">
              <value>
                <![CDATA["MagicBricks Rent Section Functionalities"]]>
              </value>
            </param>
          </params>
          <reporter-output>
          </reporter-output>
        </test-method> <!-- runScenario -->
        <test-method signature="runScenario(io.cucumber.testng.PickleWrapper,io.cucumber.testng.FeatureWrapper)[pri:0, instance:com.runner.TestRunnerWithTestNG@5c80cf32]" started-at="2025-07-11T09:28:24 IST" name="runScenario" description="Runs Cucumber Scenarios" data-provider="scenarios" finished-at="2025-07-11T09:28:44 IST" duration-ms="20040" status="PASS">
          <params>
            <param index="0">
              <value>
                <![CDATA["Contact Owner from Rent in Owner Properties with invalid WhatsApp number"]]>
              </value>
            </param>
            <param index="1">
              <value>
                <![CDATA["MagicBricks Rent Section Functionalities"]]>
              </value>
            </param>
          </params>
          <reporter-output>
          </reporter-output>
        </test-method> <!-- runScenario -->
        <test-method signature="runScenario(io.cucumber.testng.PickleWrapper,io.cucumber.testng.FeatureWrapper)[pri:0, instance:com.runner.TestRunnerWithTestNG@5c80cf32]" started-at="2025-07-11T09:28:44 IST" name="runScenario" description="Runs Cucumber Scenarios" data-provider="scenarios" finished-at="2025-07-11T09:29:02 IST" duration-ms="18383" status="PASS">
          <params>
            <param index="0">
              <value>
                <![CDATA["Sort Owner Properties by Price High to Low"]]>
              </value>
            </param>
            <param index="1">
              <value>
                <![CDATA["MagicBricks Rent Section Functionalities"]]>
              </value>
            </param>
          </params>
          <reporter-output>
          </reporter-output>
        </test-method> <!-- runScenario -->
        <test-method signature="runScenario(io.cucumber.testng.PickleWrapper,io.cucumber.testng.FeatureWrapper)[pri:0, instance:com.runner.TestRunnerWithTestNG@5c80cf32]" started-at="2025-07-11T09:29:02 IST" name="runScenario" description="Runs Cucumber Scenarios" data-provider="scenarios" finished-at="2025-07-11T09:29:19 IST" duration-ms="17143" status="PASS">
          <params>
            <param index="0">
              <value>
                <![CDATA["Furnished Homes BHK Selection and Window Handling"]]>
              </value>
            </param>
            <param index="1">
              <value>
                <![CDATA["MagicBricks Rent Section Functionalities"]]>
              </value>
            </param>
          </params>
          <reporter-output>
          </reporter-output>
        </test-method> <!-- runScenario -->
        <test-method is-config="true" signature="tearDownClass()[pri:0, instance:com.runner.TestRunnerWithTestNG@5c80cf32]" started-at="2025-07-11T09:29:19 IST" name="tearDownClass" finished-at="2025-07-11T09:29:20 IST" duration-ms="441" status="PASS">
          <reporter-output>
          </reporter-output>
        </test-method> <!-- tearDownClass -->
      </class> <!-- com.runner.TestRunnerWithTestNG -->
    </test> <!-- Default test -->
  </suite> <!-- Default suite -->
</testng-results>
