<?xml version="1.0" encoding="UTF-8"?>
<!-- Generated by org.testng.reporters.JUnitReportReporter -->
<testsuite hostname="LIN-PF1DN8JG" failures="0" tests="1" name="com.runner.TestRunnerWithTestNG" time="0.133" errors="1" timestamp="2025-07-03T21:31:32 IST" skipped="0">
  <testcase classname="com.runner.TestRunnerWithTestNG" name="runScenario" time="0.133">
    <error message="Cannot invoke &quot;org.openqa.selenium.WebDriver.get(String)&quot; because the return value of &quot;com.setup.BaseSteps.getDriver()&quot; is null" type="java.lang.NullPointerException">
      <![CDATA[java.lang.NullPointerException: Cannot invoke "org.openqa.selenium.WebDriver.get(String)" because the return value of "com.setup.BaseSteps.getDriver()" is null
at com.stepDefination.Rent.user_launches_the_magicbricks_website(Rent.java:14)
at ✽.user launches the MagicBricks website(file:///C:/Users/SHANKARE/eclipse-workspace/MagicBricksRent/src/test/resource/Features/Rent.feature:5)
]]>
    </error>
  </testcase> <!-- runScenario -->
</testsuite> <!-- com.runner.TestRunnerWithTestNG -->
