<?xml version="1.0" encoding="UTF-8"?>
<!-- Generated by org.testng.reporters.JUnitReportReporter -->
<testsuite hostname="LIN-PF1DN8JG" failures="0" tests="7" name="com.runner.TestRunnerWithTestNG" time="127.474" errors="0" timestamp="2025-07-11T09:29:20 IST" skipped="0">
  <testcase classname="com.runner.TestRunnerWithTestNG" name="runScenario" time="16.622"/>
  <testcase classname="com.runner.TestRunnerWithTestNG" name="runScenario" time="17.769"/>
  <testcase classname="com.runner.TestRunnerWithTestNG" name="runScenario" time="17.143"/>
  <testcase classname="com.runner.TestRunnerWithTestNG" name="runScenario" time="20.664"/>
  <testcase classname="com.runner.TestRunnerWithTestNG" name="runScenario" time="18.383"/>
  <testcase classname="com.runner.TestRunnerWithTestNG" name="runScenario" time="16.853"/>
  <testcase classname="com.runner.TestRunnerWithTestNG" name="runScenario" time="20.040"/>
</testsuite> <!-- com.runner.TestRunnerWithTestNG -->
