<?xml version="1.0" encoding="UTF-8"?>
<!-- Generated by org.testng.reporters.JUnitReportReporter -->
<testsuite hostname="LIN-PF2X7AE0" failures="0" tests="5" name="com.runner.TestRunnerWithTestNG" time="96.794" errors="1" timestamp="2025-07-09T16:11:26 IST" skipped="0">
  <testcase classname="com.runner.TestRunnerWithTestNG" name="runScenario" time="18.195"/>
  <testcase classname="com.runner.TestRunnerWithTestNG" name="runScenario" time="6.911">
    <error message="Cannot invoke &quot;org.openqa.selenium.TakesScreenshot.getScreenshotAs(org.openqa.selenium.OutputType)&quot; because &quot;this.driver&quot; is null" type="java.lang.NullPointerException">
      <![CDATA[java.lang.NullPointerException: Cannot invoke "org.openqa.selenium.TakesScreenshot.getScreenshotAs(org.openqa.selenium.OutputType)" because "this.driver" is null
at com.stepdefination.MagicBricksHomeLoans.tearDown(MagicBricksHomeLoans.java:509)
]]>
    </error>
  </testcase> <!-- runScenario -->
  <testcase classname="com.runner.TestRunnerWithTestNG" name="runScenario" time="26.734"/>
  <testcase classname="com.runner.TestRunnerWithTestNG" name="runScenario" time="20.948"/>
  <testcase classname="com.runner.TestRunnerWithTestNG" name="runScenario" time="24.006"/>
</testsuite> <!-- com.runner.TestRunnerWithTestNG -->
