<?xml version="1.0" encoding="UTF-8"?>
<!-- Generated by org.testng.reporters.JUnitReportReporter -->
<testsuite hostname="LIN-5CG0215GFT" failures="0" tests="1" name="com.runner.TestRunner" time="5.793" errors="1" timestamp="2025-07-04T11:59:24 IST" skipped="0">
  <testcase classname="com.runner.TestRunner" name="runScenario" time="5.793">
    <error message="The step &#039;user verifies that the Find Pincode link is visible on the MB Advice section&#039; is undefined.
You can implement this step using the snippet(s) below:

@When(&quot;user verifies that the Find Pincode link is visible on the MB Advice section&quot;)
public void user_verifies_that_the_find_pincode_link_is_visible_on_the_mb_advice_section() {
    // Write code here that turns the phrase above into concrete actions
    throw new io.cucumber.java.PendingException();
}
" type="io.cucumber.testng.UndefinedStepException">
      <![CDATA[io.cucumber.testng.UndefinedStepException: The step 'user verifies that the Find Pincode link is visible on the MB Advice section' is undefined.
You can implement this step using the snippet(s) below:

@When("user verifies that the Find Pincode link is visible on the MB Advice section")
public void user_verifies_that_the_find_pincode_link_is_visible_on_the_mb_advice_section() {
    // Write code here that turns the phrase above into concrete actions
    throw new io.cucumber.java.PendingException();
}

at ✽.user verifies that the Find Pincode link is visible on the MB Advice section(file:///C:/Users/TRTHORAT/OneDrive%20-%20Capgemini/Desktop/Sprint/MagicBricsMbAdviceTesting/src/test/resource/Features/MbAdviceScenario.feature:5)
]]>
    </error>
  </testcase> <!-- runScenario -->
  <system-out/>
</testsuite> <!-- com.runner.TestRunner -->
